<?xml version="1.0" encoding="UTF-8"?>
<!-- Generated by org.testng.reporters.JUnitXMLReporter -->
<testsuite hostname="susee-desktop" ignored="0" name="Default test" tests="10" failures="0" timestamp="19 May 2018 16:42:39 GMT" time="0.067" errors="0">
  <testcase name="count" time="0.011" classname="com.test.InvocationCountTest"/>
  <testcase name="count" time="0.001" classname="com.test.InvocationCountTest"/>
  <testcase name="count" time="0.002" classname="com.test.InvocationCountTest"/>
  <testcase name="count" time="0.001" classname="com.test.InvocationCountTest"/>
  <testcase name="count" time="0.002" classname="com.test.InvocationCountTest"/>
  <testcase name="count" time="0.001" classname="com.test.InvocationCountTest"/>
  <testcase name="count" time="0.002" classname="com.test.InvocationCountTest"/>
  <testcase name="count" time="0.001" classname="com.test.InvocationCountTest"/>
  <testcase name="count" time="0.001" classname="com.test.InvocationCountTest"/>
  <testcase name="count" time="0.001" classname="com.test.InvocationCountTest"/>
</testsuite> <!-- Default test -->
