<?xml version="1.0" encoding="UTF-8"?>
<!-- Generated by org.testng.reporters.JUnitXMLReporter -->
<testsuite hostname="susee-desktop" ignored="0" name="TestNG automation" tests="15" failures="0" timestamp="19 May 2018 17:07:49 GMT" time="0.11" errors="0">
  <testcase name="count" time="0.007" classname="com.test.InvocationCountTest"/>
  <testcase name="count" time="0.002" classname="com.test.InvocationCountTest"/>
  <testcase name="count" time="0.006" classname="com.test.InvocationCountTest"/>
  <testcase name="count" time="0.002" classname="com.test.InvocationCountTest"/>
  <testcase name="count" time="0.004" classname="com.test.InvocationCountTest"/>
  <testcase name="count" time="0.002" classname="com.test.InvocationCountTest"/>
  <testcase name="count" time="0.008" classname="com.test.InvocationCountTest"/>
  <testcase name="count" time="0.001" classname="com.test.InvocationCountTest"/>
  <testcase name="count" time="0.001" classname="com.test.InvocationCountTest"/>
  <testcase name="count" time="0.001" classname="com.test.InvocationCountTest"/>
  <testcase name="fbTitleTest" time="0.002" classname="com.test.TestNGBasics"/>
  <testcase name="googleTitleTest" time="0.005" classname="com.test.TestNGBasics"/>
  <testcase name="whatsappTitleTest" time="0.003" classname="com.test.TestNGBasics"/>
  <testcase name="yahooTitleTest" time="0.001" classname="com.test.TestNGBasics"/>
  <testcase name="login" time="0.001" classname="com.test.TestNGFeatures"/>
</testsuite> <!-- TestNG automation -->
