<?xml version="1.0" encoding="UTF-8"?>
<!-- Generated by org.testng.reporters.JUnitXMLReporter -->
<testsuite hostname="LAPTOP-FCKSJAP5" ignored="1" name="test2" tests="1" failures="0" timestamp="08 Aug 2018 15:38:39 GMT" time="10.149" errors="0">
  <testcase name="test2" time="0.367" classname="seleniumTutorial.seleniumTutorials.JSExecutor"/>
  <testcase name="test1" time="0.0" classname="seleniumTutorial.seleniumTutorials.JSExecutor">
    <ignored/>
  </testcase> <!-- test1 -->
</testsuite> <!-- test2 -->
