<?xml version="1.0" encoding="UTF-8"?>
<testng-results skipped="0" failed="0" ignored="0" total="1" passed="1">
  <reporter-output>
  </reporter-output>
  <suite name="Default suite" duration-ms="13394" started-at="2018-12-13T05:20:22Z" finished-at="2018-12-13T05:20:35Z">
    <groups>
    </groups>
    <test name="Default test" duration-ms="13394" started-at="2018-12-13T05:20:22Z" finished-at="2018-12-13T05:20:35Z">
      <class name="seleniumTutorial.seleniumTutorials.WebTable2">
        <test-method status="PASS" signature="launcher()[pri:0, instance:seleniumTutorial.seleniumTutorials.WebTable2@462d5aee]" name="launcher" is-config="true" duration-ms="11340" started-at="2018-12-13T05:20:22Z" finished-at="2018-12-13T05:20:33Z">
          <reporter-output>
          </reporter-output>
        </test-method> <!-- launcher -->
        <test-method status="PASS" signature="getContents()[pri:0, instance:seleniumTutorial.seleniumTutorials.WebTable2@462d5aee]" name="getContents" duration-ms="1308" started-at="2018-12-13T05:20:33Z" finished-at="2018-12-13T05:20:35Z">
          <reporter-output>
          </reporter-output>
        </test-method> <!-- getContents -->
        <test-method status="PASS" signature="quit()[pri:0, instance:seleniumTutorial.seleniumTutorials.WebTable2@462d5aee]" name="quit" is-config="true" duration-ms="724" started-at="2018-12-13T05:20:35Z" finished-at="2018-12-13T05:20:35Z">
          <reporter-output>
          </reporter-output>
        </test-method> <!-- quit -->
      </class> <!-- seleniumTutorial.seleniumTutorials.WebTable2 -->
    </test> <!-- Default test -->
  </suite> <!-- Default suite -->
</testng-results>
